Attaching 2 probes...
@btopen[
    ovl_exit+202461
    ovl_exit+202461
    ovl_exit+208446
    single_open+5
    stat_open+47
    proc_reg_open+59
    do_dentry_open+340
    vfs_open+45
    do_open+517
    path_openat+270
    do_filp_open+162
    do_sys_openat2+155
    __x64_sys_openat+85
    do_syscall_64+97
    entry_SYSCALL_64_after_hwframe+68
]: 17
@btopen[
    ovl_exit+202461
    ovl_exit+202461
    ovl_exit+208446
    single_open+5
    proc_reg_open+155
    do_dentry_open+340
    vfs_open+45
    do_open+517
    path_openat+270
    do_filp_open+162
    do_sys_openat2+155
    __x64_sys_openat+85
    do_syscall_64+97
    entry_SYSCALL_64_after_hwframe+68
]: 56
@btopen[
    ovl_exit+202461
    ovl_exit+202461
    ovl_exit+208446
    single_open+5
    do_dentry_open+340
    vfs_open+45
    do_open+517
    path_openat+270
    do_filp_open+162
    do_sys_openat2+155
    __x64_sys_openat+85
    do_syscall_64+97
    entry_SYSCALL_64_after_hwframe+68
]: 4197082

@btrelease[
    ovl_exit+75577
    ovl_exit+75577
    ovl_exit+192058
    single_release+5
    proc_reg_release+109
    __fput+156
    ____fput+14
    task_work_run+109
    do_exit+548
    do_group_exit+59
    __x64_sys_exit_group+24
    do_syscall_64+97
    entry_SYSCALL_64_after_hwframe+68
]: 10
@btrelease[
    ovl_exit+75577
    ovl_exit+75577
    ovl_exit+192058
    single_release+5
    __fput+156
    ____fput+14
    task_work_run+109
    exit_to_user_mode_loop+336
    exit_to_user_mode_prepare+159
    syscall_exit_to_user_mode+39
    do_syscall_64+110
    entry_SYSCALL_64_after_hwframe+68
]: 17
@btrelease[
    ovl_exit+75577
    ovl_exit+75577
    ovl_exit+192058
    single_release+5
    proc_reg_release+109
    __fput+156
    ____fput+14
    task_work_run+109
    exit_to_user_mode_loop+336
    exit_to_user_mode_prepare+159
    syscall_exit_to_user_mode+39
    do_syscall_64+110
    entry_SYSCALL_64_after_hwframe+68
]: 46
@btrelease[
    ovl_exit+75577
    ovl_exit+75577
    ovl_exit+192058
    single_release+5
    ____fput+14
    task_work_run+109
    exit_to_user_mode_loop+336
    exit_to_user_mode_prepare+159
    syscall_exit_to_user_mode+39
    do_syscall_64+110
    entry_SYSCALL_64_after_hwframe+68
]: 2814

@commopen[tracker-extract]: 1
@commopen[systemd-journal]: 9
@commopen[systemd]: 9
@commopen[irqbalance]: 14
@commopen[sed]: 20
@commopen[node]: 28
@commopen[cat]: 42
@commopen[ps]: 2764
@commopen[spray_seq_op]: 4194268

@commrelease[tracker-extract]: 1
@commrelease[systemd-journal]: 9
@commrelease[systemd]: 9
@commrelease[irqbalance]: 14
@commrelease[sed]: 20
@commrelease[node]: 28
@commrelease[cat]: 42
@commrelease[ps]: 2764

